e:\华为软件训练营\华为实训\学员材料包c语言\学员材料包c语言\07.实战课程_c语言版\03_演练和实战工程\project\subwaycharge_student_01\subwaycharge\llt\vc140.pdb
e:\华为软件训练营\华为实训\学员材料包c语言\学员材料包c语言\07.实战课程_c语言版\03_演练和实战工程\project\subwaycharge_student_01\subwaycharge\llt\vc140.idb
e:\华为软件训练营\华为实训\学员材料包c语言\学员材料包c语言\07.实战课程_c语言版\03_演练和实战工程\project\subwaycharge_student_01\subwaycharge\llt\subwayresetproc.obj
e:\华为软件训练营\华为实训\学员材料包c语言\学员材料包c语言\07.实战课程_c语言版\03_演练和实战工程\project\subwaycharge_student_01\subwaycharge\llt\subwayquerylineproc.obj
e:\华为软件训练营\华为实训\学员材料包c语言\学员材料包c语言\07.实战课程_c语言版\03_演练和实战工程\project\subwaycharge_student_01\subwaycharge\llt\subwayqueryhistoryproc.obj
e:\华为软件训练营\华为实训\学员材料包c语言\学员材料包c语言\07.实战课程_c语言版\03_演练和实战工程\project\subwaycharge_student_01\subwaycharge\llt\subwayfillchargeproc.obj
e:\华为软件训练营\华为实训\学员材料包c语言\学员材料包c语言\07.实战课程_c语言版\03_演练和实战工程\project\subwaycharge_student_01\subwaycharge\llt\subwaydeductproc.obj
e:\华为软件训练营\华为实训\学员材料包c语言\学员材料包c语言\07.实战课程_c语言版\03_演练和实战工程\project\subwaycharge_student_01\subwaycharge\llt\subwaycreatecardproc.obj
e:\华为软件训练营\华为实训\学员材料包c语言\学员材料包c语言\07.实战课程_c语言版\03_演练和实战工程\project\subwaycharge_student_01\subwaycharge\llt\subwaycmdparse.obj
e:\华为软件训练营\华为实训\学员材料包c语言\学员材料包c语言\07.实战课程_c语言版\03_演练和实战工程\project\subwaycharge_student_01\subwaycharge\llt\cmdsingleticket.obj
e:\华为软件训练营\华为实训\学员材料包c语言\学员材料包c语言\07.实战课程_c语言版\03_演练和实战工程\project\subwaycharge_student_01\subwaycharge\llt\cmdreset.obj
e:\华为软件训练营\华为实训\学员材料包c语言\学员材料包c语言\07.实战课程_c语言版\03_演练和实战工程\project\subwaycharge_student_01\subwaycharge\llt\cmdqueryline.obj
e:\华为软件训练营\华为实训\学员材料包c语言\学员材料包c语言\07.实战课程_c语言版\03_演练和实战工程\project\subwaycharge_student_01\subwaycharge\llt\cmdqueryhistory.obj
e:\华为软件训练营\华为实训\学员材料包c语言\学员材料包c语言\07.实战课程_c语言版\03_演练和实战工程\project\subwaycharge_student_01\subwaycharge\llt\cmdpassengerdis.obj
e:\华为软件训练营\华为实训\学员材料包c语言\学员材料包c语言\07.实战课程_c语言版\03_演练和实战工程\project\subwaycharge_student_01\subwaycharge\llt\cmdfillcharge.obj
e:\华为软件训练营\华为实训\学员材料包c语言\学员材料包c语言\07.实战课程_c语言版\03_演练和实战工程\project\subwaycharge_student_01\subwaycharge\llt\cmdexpendituredis.obj
e:\华为软件训练营\华为实训\学员材料包c语言\学员材料包c语言\07.实战课程_c语言版\03_演练和实战工程\project\subwaycharge_student_01\subwaycharge\llt\cmddestroycard.obj
e:\华为软件训练营\华为实训\学员材料包c语言\学员材料包c语言\07.实战课程_c语言版\03_演练和实战工程\project\subwaycharge_student_01\subwaycharge\llt\cmddeductproc.obj
e:\华为软件训练营\华为实训\学员材料包c语言\学员材料包c语言\07.实战课程_c语言版\03_演练和实战工程\project\subwaycharge_student_01\subwaycharge\llt\cmdcreatecard.obj
e:\华为软件训练营\华为实训\学员材料包c语言\学员材料包c语言\07.实战课程_c语言版\03_演练和实战工程\project\subwaycharge_student_01\subwaycharge\llt\subwaycharge.obj
e:\华为软件训练营\华为实训\学员材料包c语言\学员材料包c语言\07.实战课程_c语言版\03_演练和实战工程\project\subwaycharge_student_01\subwaycharge\llt\subwaycard.obj
e:\华为软件训练营\华为实训\学员材料包c语言\学员材料包c语言\07.实战课程_c语言版\03_演练和实战工程\project\subwaycharge_student_01\subwaycharge\llt\stdafx.obj
e:\华为软件训练营\华为实训\学员材料包c语言\学员材料包c语言\07.实战课程_c语言版\03_演练和实战工程\project\subwaycharge_student_01\subwaycharge\llt\subwayprice_test.obj
e:\华为软件训练营\华为实训\学员材料包c语言\学员材料包c语言\07.实战课程_c语言版\03_演练和实战工程\project\subwaycharge_student_01\subwaycharge\llt\subwayline_test.obj
e:\华为软件训练营\华为实训\学员材料包c语言\学员材料包c语言\07.实战课程_c语言版\03_演练和实战工程\project\subwaycharge_student_01\subwaycharge\llt\subwaycard_test.obj
e:\华为软件训练营\华为实训\学员材料包c语言\学员材料包c语言\07.实战课程_c语言版\03_演练和实战工程\project\subwaycharge_student_01\subwaycharge\llt\subwaypassengerdistribute.obj
e:\华为软件训练营\华为实训\学员材料包c语言\学员材料包c语言\07.实战课程_c语言版\03_演练和实战工程\project\subwaycharge_student_01\subwaycharge\llt\subwayexpendituredistribute.obj
e:\华为软件训练营\华为实训\学员材料包c语言\学员材料包c语言\07.实战课程_c语言版\03_演练和实战工程\project\subwaycharge_student_01\subwaycharge\llt\subwaysocket.obj
e:\华为软件训练营\华为实训\学员材料包c语言\学员材料包c语言\07.实战课程_c语言版\03_演练和实战工程\project\subwaycharge_student_01\subwaycharge\llt\deductprice.obj
e:\华为软件训练营\华为实训\学员材料包c语言\学员材料包c语言\07.实战课程_c语言版\03_演练和实战工程\project\subwaycharge_student_01\subwaycharge\llt\baseprice.obj
e:\华为软件训练营\华为实训\学员材料包c语言\学员材料包c语言\07.实战课程_c语言版\03_演练和实战工程\project\subwaycharge_student_01\subwaycharge\llt\subwayline.obj
e:\华为软件训练营\华为实训\学员材料包c语言\学员材料包c语言\07.实战课程_c语言版\03_演练和实战工程\project\subwaycharge_student_01\subwaycharge\llt\subwayerror.obj
e:\华为软件训练营\华为实训\学员材料包c语言\学员材料包c语言\07.实战课程_c语言版\03_演练和实战工程\project\subwaycharge_student_01\subwaycharge\llt\subwayoutput.obj
e:\华为软件训练营\华为实训\学员材料包c语言\学员材料包c语言\07.实战课程_c语言版\03_演练和实战工程\project\subwaycharge_student_01\subwaycharge\llt\subwaycmdproc.obj
e:\华为软件训练营\华为实训\学员材料包c语言\学员材料包c语言\07.实战课程_c语言版\03_演练和实战工程\project\subwaycharge_student_01\subwaycharge\llt\subwaycommonsplit.obj
e:\华为软件训练营\华为实训\学员材料包c语言\学员材料包c语言\07.实战课程_c语言版\03_演练和实战工程\project\subwaycharge_student_01\subwaycharge\llt\subwaysingleticketproc.obj
e:\华为软件训练营\华为实训\学员材料包c语言\学员材料包c语言\07.实战课程_c语言版\03_演练和实战工程\project\subwaycharge_student_01\llt\subwaycharge.pdb
e:\华为软件训练营\华为实训\学员材料包c语言\学员材料包c语言\07.实战课程_c语言版\03_演练和实战工程\project\subwaycharge_student_01\subwaycharge\llt\subwaycharge.tlog\cl.command.1.tlog
e:\华为软件训练营\华为实训\学员材料包c语言\学员材料包c语言\07.实战课程_c语言版\03_演练和实战工程\project\subwaycharge_student_01\subwaycharge\llt\subwaycharge.tlog\cl.read.1.tlog
e:\华为软件训练营\华为实训\学员材料包c语言\学员材料包c语言\07.实战课程_c语言版\03_演练和实战工程\project\subwaycharge_student_01\subwaycharge\llt\subwaycharge.tlog\cl.write.1.tlog
e:\华为软件训练营\华为实训\学员材料包c语言\学员材料包c语言\07.实战课程_c语言版\03_演练和实战工程\project\subwaycharge_student_01\subwaycharge\llt\subwaycharge.tlog\link-cvtres.read.1.tlog
e:\华为软件训练营\华为实训\学员材料包c语言\学员材料包c语言\07.实战课程_c语言版\03_演练和实战工程\project\subwaycharge_student_01\subwaycharge\llt\subwaycharge.tlog\link-cvtres.write.1.tlog
e:\华为软件训练营\华为实训\学员材料包c语言\学员材料包c语言\07.实战课程_c语言版\03_演练和实战工程\project\subwaycharge_student_01\subwaycharge\llt\subwaycharge.tlog\link-rc.read.1.tlog
e:\华为软件训练营\华为实训\学员材料包c语言\学员材料包c语言\07.实战课程_c语言版\03_演练和实战工程\project\subwaycharge_student_01\subwaycharge\llt\subwaycharge.tlog\link-rc.write.1.tlog
e:\华为软件训练营\华为实训\学员材料包c语言\学员材料包c语言\07.实战课程_c语言版\03_演练和实战工程\project\subwaycharge_student_01\subwaycharge\llt\subwaycharge.tlog\link.command.1.tlog
e:\华为软件训练营\华为实训\学员材料包c语言\学员材料包c语言\07.实战课程_c语言版\03_演练和实战工程\project\subwaycharge_student_01\subwaycharge\llt\subwaycharge.tlog\link.read.1.tlog
e:\华为软件训练营\华为实训\学员材料包c语言\学员材料包c语言\07.实战课程_c语言版\03_演练和实战工程\project\subwaycharge_student_01\subwaycharge\llt\subwaycharge.tlog\link.write.1.tlog
