D:\01_WORK\2016Q34\02_西研所软件训练营\RELEASE_2\07.实战课程-西研\实战课程_C语言版\03_演练和实战工程\PROJECT\SUBWAYCHARGE_STUDENT\RELEASE\SUBWAYCHARGE.EXE
D:\01_WORK\2016Q34\02_西研所软件训练营\RELEASE_2\07.实战课程-西研\实战课程_C语言版\03_演练和实战工程\PROJECT\SUBWAYCHARGE_STUDENT\RELEASE\SUBWAYCHARGE.PDB
D:\01_WORK\2016Q34\02_西研所软件训练营\RELEASE_2\07.实战课程-西研\实战课程_C语言版\03_演练和实战工程\PROJECT\SUBWAYCHARGE_STUDENT\SUBWAYCHARGE\RELEASE\BASEPRICE.OBJ
D:\01_work\2016Q34\02_西研所软件训练营\release_2\07.实战课程-西研\实战课程_C语言版\03_演练和实战工程\project\subwayCharge_student\subwayCharge\Release\cl.command.1.tlog
D:\01_work\2016Q34\02_西研所软件训练营\release_2\07.实战课程-西研\实战课程_C语言版\03_演练和实战工程\project\subwayCharge_student\subwayCharge\Release\CL.read.1.tlog
D:\01_work\2016Q34\02_西研所软件训练营\release_2\07.实战课程-西研\实战课程_C语言版\03_演练和实战工程\project\subwayCharge_student\subwayCharge\Release\CL.write.1.tlog
D:\01_WORK\2016Q34\02_西研所软件训练营\RELEASE_2\07.实战课程-西研\实战课程_C语言版\03_演练和实战工程\PROJECT\SUBWAYCHARGE_STUDENT\SUBWAYCHARGE\RELEASE\CMDCREATECARD.OBJ
D:\01_WORK\2016Q34\02_西研所软件训练营\RELEASE_2\07.实战课程-西研\实战课程_C语言版\03_演练和实战工程\PROJECT\SUBWAYCHARGE_STUDENT\SUBWAYCHARGE\RELEASE\CMDDEDUCTPROC.OBJ
D:\01_WORK\2016Q34\02_西研所软件训练营\RELEASE_2\07.实战课程-西研\实战课程_C语言版\03_演练和实战工程\PROJECT\SUBWAYCHARGE_STUDENT\SUBWAYCHARGE\RELEASE\CMDDESTROYCARD.OBJ
D:\01_WORK\2016Q34\02_西研所软件训练营\RELEASE_2\07.实战课程-西研\实战课程_C语言版\03_演练和实战工程\PROJECT\SUBWAYCHARGE_STUDENT\SUBWAYCHARGE\RELEASE\CMDFILLCHARGE.OBJ
D:\01_WORK\2016Q34\02_西研所软件训练营\RELEASE_2\07.实战课程-西研\实战课程_C语言版\03_演练和实战工程\PROJECT\SUBWAYCHARGE_STUDENT\SUBWAYCHARGE\RELEASE\CMDQUERYHISTORY.OBJ
D:\01_WORK\2016Q34\02_西研所软件训练营\RELEASE_2\07.实战课程-西研\实战课程_C语言版\03_演练和实战工程\PROJECT\SUBWAYCHARGE_STUDENT\SUBWAYCHARGE\RELEASE\CMDQUERYLINE.OBJ
D:\01_WORK\2016Q34\02_西研所软件训练营\RELEASE_2\07.实战课程-西研\实战课程_C语言版\03_演练和实战工程\PROJECT\SUBWAYCHARGE_STUDENT\SUBWAYCHARGE\RELEASE\CMDRESET.OBJ
D:\01_WORK\2016Q34\02_西研所软件训练营\RELEASE_2\07.实战课程-西研\实战课程_C语言版\03_演练和实战工程\PROJECT\SUBWAYCHARGE_STUDENT\SUBWAYCHARGE\RELEASE\CMDSINGLETICKET.OBJ
D:\01_WORK\2016Q34\02_西研所软件训练营\RELEASE_2\07.实战课程-西研\实战课程_C语言版\03_演练和实战工程\PROJECT\SUBWAYCHARGE_STUDENT\SUBWAYCHARGE\RELEASE\DEDUCTPRICE.OBJ
D:\01_work\2016Q34\02_西研所软件训练营\release_2\07.实战课程-西研\实战课程_C语言版\03_演练和实战工程\project\subwayCharge_student\subwayCharge\Release\link.command.1.tlog
D:\01_work\2016Q34\02_西研所软件训练营\release_2\07.实战课程-西研\实战课程_C语言版\03_演练和实战工程\project\subwayCharge_student\subwayCharge\Release\link.read.1.tlog
D:\01_work\2016Q34\02_西研所软件训练营\release_2\07.实战课程-西研\实战课程_C语言版\03_演练和实战工程\project\subwayCharge_student\subwayCharge\Release\link.write.1.tlog
D:\01_work\2016Q34\02_西研所软件训练营\release_2\07.实战课程-西研\实战课程_C语言版\03_演练和实战工程\project\subwayCharge_student\subwayCharge\Release\mt.command.1.tlog
D:\01_work\2016Q34\02_西研所软件训练营\release_2\07.实战课程-西研\实战课程_C语言版\03_演练和实战工程\project\subwayCharge_student\subwayCharge\Release\mt.read.1.tlog
D:\01_work\2016Q34\02_西研所软件训练营\release_2\07.实战课程-西研\实战课程_C语言版\03_演练和实战工程\project\subwayCharge_student\subwayCharge\Release\mt.write.1.tlog
D:\01_WORK\2016Q34\02_西研所软件训练营\RELEASE_2\07.实战课程-西研\实战课程_C语言版\03_演练和实战工程\PROJECT\SUBWAYCHARGE_STUDENT\SUBWAYCHARGE\RELEASE\STDAFX.OBJ
D:\01_WORK\2016Q34\02_西研所软件训练营\RELEASE_2\07.实战课程-西研\实战课程_C语言版\03_演练和实战工程\PROJECT\SUBWAYCHARGE_STUDENT\SUBWAYCHARGE\RELEASE\SUBWAYCARD.OBJ
D:\01_WORK\2016Q34\02_西研所软件训练营\RELEASE_2\07.实战课程-西研\实战课程_C语言版\03_演练和实战工程\PROJECT\SUBWAYCHARGE_STUDENT\SUBWAYCHARGE\RELEASE\SUBWAYCARD_TEST.OBJ
D:\01_WORK\2016Q34\02_西研所软件训练营\RELEASE_2\07.实战课程-西研\实战课程_C语言版\03_演练和实战工程\PROJECT\SUBWAYCHARGE_STUDENT\SUBWAYCHARGE\RELEASE\SUBWAYCHARGE.EXE.INTERMEDIATE.MANIFEST
D:\01_WORK\2016Q34\02_西研所软件训练营\RELEASE_2\07.实战课程-西研\实战课程_C语言版\03_演练和实战工程\PROJECT\SUBWAYCHARGE_STUDENT\SUBWAYCHARGE\RELEASE\SUBWAYCHARGE.OBJ
D:\01_work\2016Q34\02_西研所软件训练营\release_2\07.实战课程-西研\实战课程_C语言版\03_演练和实战工程\project\subwayCharge_student\subwayCharge\Release\subwayCharge.vcxprojResolveAssemblyReference.cache
D:\01_work\2016Q34\02_西研所软件训练营\release_2\07.实战课程-西研\实战课程_C语言版\03_演练和实战工程\project\subwayCharge_student\subwayCharge\Release\subwayCharge.write.1.tlog
D:\01_WORK\2016Q34\02_西研所软件训练营\RELEASE_2\07.实战课程-西研\实战课程_C语言版\03_演练和实战工程\PROJECT\SUBWAYCHARGE_STUDENT\SUBWAYCHARGE\RELEASE\SUBWAYCMDPARSE.OBJ
D:\01_WORK\2016Q34\02_西研所软件训练营\RELEASE_2\07.实战课程-西研\实战课程_C语言版\03_演练和实战工程\PROJECT\SUBWAYCHARGE_STUDENT\SUBWAYCHARGE\RELEASE\SUBWAYCMDPROC.OBJ
D:\01_WORK\2016Q34\02_西研所软件训练营\RELEASE_2\07.实战课程-西研\实战课程_C语言版\03_演练和实战工程\PROJECT\SUBWAYCHARGE_STUDENT\SUBWAYCHARGE\RELEASE\SUBWAYCOMMONSPLIT.OBJ
D:\01_WORK\2016Q34\02_西研所软件训练营\RELEASE_2\07.实战课程-西研\实战课程_C语言版\03_演练和实战工程\PROJECT\SUBWAYCHARGE_STUDENT\SUBWAYCHARGE\RELEASE\SUBWAYCREATECARDPROC.OBJ
D:\01_WORK\2016Q34\02_西研所软件训练营\RELEASE_2\07.实战课程-西研\实战课程_C语言版\03_演练和实战工程\PROJECT\SUBWAYCHARGE_STUDENT\SUBWAYCHARGE\RELEASE\SUBWAYDEDUCTPROC.OBJ
D:\01_WORK\2016Q34\02_西研所软件训练营\RELEASE_2\07.实战课程-西研\实战课程_C语言版\03_演练和实战工程\PROJECT\SUBWAYCHARGE_STUDENT\SUBWAYCHARGE\RELEASE\SUBWAYERROR.OBJ
D:\01_WORK\2016Q34\02_西研所软件训练营\RELEASE_2\07.实战课程-西研\实战课程_C语言版\03_演练和实战工程\PROJECT\SUBWAYCHARGE_STUDENT\SUBWAYCHARGE\RELEASE\SUBWAYFILLCHARGEPROC.OBJ
D:\01_WORK\2016Q34\02_西研所软件训练营\RELEASE_2\07.实战课程-西研\实战课程_C语言版\03_演练和实战工程\PROJECT\SUBWAYCHARGE_STUDENT\SUBWAYCHARGE\RELEASE\SUBWAYLINE.OBJ
D:\01_WORK\2016Q34\02_西研所软件训练营\RELEASE_2\07.实战课程-西研\实战课程_C语言版\03_演练和实战工程\PROJECT\SUBWAYCHARGE_STUDENT\SUBWAYCHARGE\RELEASE\SUBWAYLINE_TEST.OBJ
D:\01_WORK\2016Q34\02_西研所软件训练营\RELEASE_2\07.实战课程-西研\实战课程_C语言版\03_演练和实战工程\PROJECT\SUBWAYCHARGE_STUDENT\SUBWAYCHARGE\RELEASE\SUBWAYOUTPUT.OBJ
D:\01_WORK\2016Q34\02_西研所软件训练营\RELEASE_2\07.实战课程-西研\实战课程_C语言版\03_演练和实战工程\PROJECT\SUBWAYCHARGE_STUDENT\SUBWAYCHARGE\RELEASE\SUBWAYPRICE_TEST.OBJ
D:\01_WORK\2016Q34\02_西研所软件训练营\RELEASE_2\07.实战课程-西研\实战课程_C语言版\03_演练和实战工程\PROJECT\SUBWAYCHARGE_STUDENT\SUBWAYCHARGE\RELEASE\SUBWAYQUERYHISTORYPROC.OBJ
D:\01_WORK\2016Q34\02_西研所软件训练营\RELEASE_2\07.实战课程-西研\实战课程_C语言版\03_演练和实战工程\PROJECT\SUBWAYCHARGE_STUDENT\SUBWAYCHARGE\RELEASE\SUBWAYQUERYLINEPROC.OBJ
D:\01_WORK\2016Q34\02_西研所软件训练营\RELEASE_2\07.实战课程-西研\实战课程_C语言版\03_演练和实战工程\PROJECT\SUBWAYCHARGE_STUDENT\SUBWAYCHARGE\RELEASE\SUBWAYRESETPROC.OBJ
D:\01_WORK\2016Q34\02_西研所软件训练营\RELEASE_2\07.实战课程-西研\实战课程_C语言版\03_演练和实战工程\PROJECT\SUBWAYCHARGE_STUDENT\SUBWAYCHARGE\RELEASE\SUBWAYSINGLETICKETPROC.OBJ
D:\01_WORK\2016Q34\02_西研所软件训练营\RELEASE_2\07.实战课程-西研\实战课程_C语言版\03_演练和实战工程\PROJECT\SUBWAYCHARGE_STUDENT\SUBWAYCHARGE\RELEASE\SUBWAYSOCKET.OBJ
D:\01_WORK\2016Q34\02_西研所软件训练营\RELEASE_2\07.实战课程-西研\实战课程_C语言版\03_演练和实战工程\PROJECT\SUBWAYCHARGE_STUDENT\SUBWAYCHARGE\RELEASE\VC100.PDB
