D:\01_WORK\2016Q34\02_西研所软件训练营\RELEASE_2\07.实战课程-西研\实战课程_C语言版\03_演练和实战工程\PROJECT\SUBWAYCHARGE_STUDENT\DEBUG\SUBWAYCHARGE.EXE
D:\01_WORK\2016Q34\02_西研所软件训练营\RELEASE_2\07.实战课程-西研\实战课程_C语言版\03_演练和实战工程\PROJECT\SUBWAYCHARGE_STUDENT\DEBUG\SUBWAYCHARGE.ILK
D:\01_WORK\2016Q34\02_西研所软件训练营\RELEASE_2\07.实战课程-西研\实战课程_C语言版\03_演练和实战工程\PROJECT\SUBWAYCHARGE_STUDENT\DEBUG\SUBWAYCHARGE.PDB
D:\01_WORK\2016Q34\02_西研所软件训练营\RELEASE_2\07.实战课程-西研\实战课程_C语言版\03_演练和实战工程\PROJECT\SUBWAYCHARGE_STUDENT\SUBWAYCHARGE\DEBUG\BASEPRICE.OBJ
D:\01_work\2016Q34\02_西研所软件训练营\release_2\07.实战课程-西研\实战课程_C语言版\03_演练和实战工程\project\subwayCharge_student\subwayCharge\Debug\cl.command.1.tlog
D:\01_work\2016Q34\02_西研所软件训练营\release_2\07.实战课程-西研\实战课程_C语言版\03_演练和实战工程\project\subwayCharge_student\subwayCharge\Debug\CL.read.1.tlog
D:\01_work\2016Q34\02_西研所软件训练营\release_2\07.实战课程-西研\实战课程_C语言版\03_演练和实战工程\project\subwayCharge_student\subwayCharge\Debug\CL.write.1.tlog
D:\01_WORK\2016Q34\02_西研所软件训练营\RELEASE_2\07.实战课程-西研\实战课程_C语言版\03_演练和实战工程\PROJECT\SUBWAYCHARGE_STUDENT\SUBWAYCHARGE\DEBUG\CMDCREATECARD.OBJ
D:\01_WORK\2016Q34\02_西研所软件训练营\RELEASE_2\07.实战课程-西研\实战课程_C语言版\03_演练和实战工程\PROJECT\SUBWAYCHARGE_STUDENT\SUBWAYCHARGE\DEBUG\CMDDEDUCTPROC.OBJ
D:\01_WORK\2016Q34\02_西研所软件训练营\RELEASE_2\07.实战课程-西研\实战课程_C语言版\03_演练和实战工程\PROJECT\SUBWAYCHARGE_STUDENT\SUBWAYCHARGE\DEBUG\CMDDESTROYCARD.OBJ
D:\01_WORK\2016Q34\02_西研所软件训练营\RELEASE_2\07.实战课程-西研\实战课程_C语言版\03_演练和实战工程\PROJECT\SUBWAYCHARGE_STUDENT\SUBWAYCHARGE\DEBUG\CMDFILLCHARGE.OBJ
D:\01_WORK\2016Q34\02_西研所软件训练营\RELEASE_2\07.实战课程-西研\实战课程_C语言版\03_演练和实战工程\PROJECT\SUBWAYCHARGE_STUDENT\SUBWAYCHARGE\DEBUG\CMDQUERYHISTORY.OBJ
D:\01_WORK\2016Q34\02_西研所软件训练营\RELEASE_2\07.实战课程-西研\实战课程_C语言版\03_演练和实战工程\PROJECT\SUBWAYCHARGE_STUDENT\SUBWAYCHARGE\DEBUG\CMDQUERYLINE.OBJ
D:\01_WORK\2016Q34\02_西研所软件训练营\RELEASE_2\07.实战课程-西研\实战课程_C语言版\03_演练和实战工程\PROJECT\SUBWAYCHARGE_STUDENT\SUBWAYCHARGE\DEBUG\CMDRESET.OBJ
D:\01_WORK\2016Q34\02_西研所软件训练营\RELEASE_2\07.实战课程-西研\实战课程_C语言版\03_演练和实战工程\PROJECT\SUBWAYCHARGE_STUDENT\SUBWAYCHARGE\DEBUG\CMDSINGLETICKET.OBJ
D:\01_WORK\2016Q34\02_西研所软件训练营\RELEASE_2\07.实战课程-西研\实战课程_C语言版\03_演练和实战工程\PROJECT\SUBWAYCHARGE_STUDENT\SUBWAYCHARGE\DEBUG\DEDUCTPRICE.OBJ
D:\01_work\2016Q34\02_西研所软件训练营\release_2\07.实战课程-西研\实战课程_C语言版\03_演练和实战工程\project\subwayCharge_student\subwayCharge\Debug\link.1112.read.1.tlog
D:\01_work\2016Q34\02_西研所软件训练营\release_2\07.实战课程-西研\实战课程_C语言版\03_演练和实战工程\project\subwayCharge_student\subwayCharge\Debug\link.1112.write.1.tlog
D:\01_work\2016Q34\02_西研所软件训练营\release_2\07.实战课程-西研\实战课程_C语言版\03_演练和实战工程\project\subwayCharge_student\subwayCharge\Debug\link.1112-cvtres.read.1.tlog
D:\01_work\2016Q34\02_西研所软件训练营\release_2\07.实战课程-西研\实战课程_C语言版\03_演练和实战工程\project\subwayCharge_student\subwayCharge\Debug\link.1112-cvtres.write.1.tlog
D:\01_work\2016Q34\02_西研所软件训练营\release_2\07.实战课程-西研\实战课程_C语言版\03_演练和实战工程\project\subwayCharge_student\subwayCharge\Debug\link.85988.read.1.tlog
D:\01_work\2016Q34\02_西研所软件训练营\release_2\07.实战课程-西研\实战课程_C语言版\03_演练和实战工程\project\subwayCharge_student\subwayCharge\Debug\link.85988.write.1.tlog
D:\01_work\2016Q34\02_西研所软件训练营\release_2\07.实战课程-西研\实战课程_C语言版\03_演练和实战工程\project\subwayCharge_student\subwayCharge\Debug\link.85988-cvtres.read.1.tlog
D:\01_work\2016Q34\02_西研所软件训练营\release_2\07.实战课程-西研\实战课程_C语言版\03_演练和实战工程\project\subwayCharge_student\subwayCharge\Debug\link.85988-cvtres.write.1.tlog
D:\01_work\2016Q34\02_西研所软件训练营\release_2\07.实战课程-西研\实战课程_C语言版\03_演练和实战工程\project\subwayCharge_student\subwayCharge\Debug\link.command.1.tlog
D:\01_work\2016Q34\02_西研所软件训练营\release_2\07.实战课程-西研\实战课程_C语言版\03_演练和实战工程\project\subwayCharge_student\subwayCharge\Debug\link.read.1.tlog
D:\01_work\2016Q34\02_西研所软件训练营\release_2\07.实战课程-西研\实战课程_C语言版\03_演练和实战工程\project\subwayCharge_student\subwayCharge\Debug\link.write.1.tlog
D:\01_work\2016Q34\02_西研所软件训练营\release_2\07.实战课程-西研\实战课程_C语言版\03_演练和实战工程\project\subwayCharge_student\subwayCharge\Debug\link-cvtres.read.1.tlog
D:\01_work\2016Q34\02_西研所软件训练营\release_2\07.实战课程-西研\实战课程_C语言版\03_演练和实战工程\project\subwayCharge_student\subwayCharge\Debug\link-cvtres.write.1.tlog
D:\01_work\2016Q34\02_西研所软件训练营\release_2\07.实战课程-西研\实战课程_C语言版\03_演练和实战工程\project\subwayCharge_student\subwayCharge\Debug\mt.command.1.tlog
D:\01_work\2016Q34\02_西研所软件训练营\release_2\07.实战课程-西研\实战课程_C语言版\03_演练和实战工程\project\subwayCharge_student\subwayCharge\Debug\mt.read.1.tlog
D:\01_work\2016Q34\02_西研所软件训练营\release_2\07.实战课程-西研\实战课程_C语言版\03_演练和实战工程\project\subwayCharge_student\subwayCharge\Debug\mt.write.1.tlog
D:\01_work\2016Q34\02_西研所软件训练营\release_2\07.实战课程-西研\实战课程_C语言版\03_演练和实战工程\project\subwayCharge_student\subwayCharge\Debug\rc.command.1.tlog
D:\01_work\2016Q34\02_西研所软件训练营\release_2\07.实战课程-西研\实战课程_C语言版\03_演练和实战工程\project\subwayCharge_student\subwayCharge\Debug\rc.read.1.tlog
D:\01_work\2016Q34\02_西研所软件训练营\release_2\07.实战课程-西研\实战课程_C语言版\03_演练和实战工程\project\subwayCharge_student\subwayCharge\Debug\rc.write.1.tlog
D:\01_WORK\2016Q34\02_西研所软件训练营\RELEASE_2\07.实战课程-西研\实战课程_C语言版\03_演练和实战工程\PROJECT\SUBWAYCHARGE_STUDENT\SUBWAYCHARGE\DEBUG\STDAFX.OBJ
D:\01_WORK\2016Q34\02_西研所软件训练营\RELEASE_2\07.实战课程-西研\实战课程_C语言版\03_演练和实战工程\PROJECT\SUBWAYCHARGE_STUDENT\SUBWAYCHARGE\DEBUG\SUBWAYCARD.OBJ
D:\01_WORK\2016Q34\02_西研所软件训练营\RELEASE_2\07.实战课程-西研\实战课程_C语言版\03_演练和实战工程\PROJECT\SUBWAYCHARGE_STUDENT\SUBWAYCHARGE\DEBUG\SUBWAYCARD_TEST.OBJ
D:\01_WORK\2016Q34\02_西研所软件训练营\RELEASE_2\07.实战课程-西研\实战课程_C语言版\03_演练和实战工程\PROJECT\SUBWAYCHARGE_STUDENT\SUBWAYCHARGE\DEBUG\SUBWAYCHARGE.EXE.EMBED.MANIFEST
D:\01_WORK\2016Q34\02_西研所软件训练营\RELEASE_2\07.实战课程-西研\实战课程_C语言版\03_演练和实战工程\PROJECT\SUBWAYCHARGE_STUDENT\SUBWAYCHARGE\DEBUG\SUBWAYCHARGE.EXE.EMBED.MANIFEST.RES
D:\01_WORK\2016Q34\02_西研所软件训练营\RELEASE_2\07.实战课程-西研\实战课程_C语言版\03_演练和实战工程\PROJECT\SUBWAYCHARGE_STUDENT\SUBWAYCHARGE\DEBUG\SUBWAYCHARGE.EXE.INTERMEDIATE.MANIFEST
D:\01_WORK\2016Q34\02_西研所软件训练营\RELEASE_2\07.实战课程-西研\实战课程_C语言版\03_演练和实战工程\PROJECT\SUBWAYCHARGE_STUDENT\SUBWAYCHARGE\DEBUG\SUBWAYCHARGE.OBJ
D:\01_work\2016Q34\02_西研所软件训练营\release_2\07.实战课程-西研\实战课程_C语言版\03_演练和实战工程\project\subwayCharge_student\subwayCharge\Debug\subwayCharge.write.1.tlog
D:\01_work\2016Q34\02_西研所软件训练营\release_2\07.实战课程-西研\实战课程_C语言版\03_演练和实战工程\project\subwayCharge_student\subwayCharge\Debug\subwayCharge_manifest.rc
D:\01_WORK\2016Q34\02_西研所软件训练营\RELEASE_2\07.实战课程-西研\实战课程_C语言版\03_演练和实战工程\PROJECT\SUBWAYCHARGE_STUDENT\SUBWAYCHARGE\DEBUG\SUBWAYCMDPARSE.OBJ
D:\01_WORK\2016Q34\02_西研所软件训练营\RELEASE_2\07.实战课程-西研\实战课程_C语言版\03_演练和实战工程\PROJECT\SUBWAYCHARGE_STUDENT\SUBWAYCHARGE\DEBUG\SUBWAYCMDPROC.OBJ
D:\01_WORK\2016Q34\02_西研所软件训练营\RELEASE_2\07.实战课程-西研\实战课程_C语言版\03_演练和实战工程\PROJECT\SUBWAYCHARGE_STUDENT\SUBWAYCHARGE\DEBUG\SUBWAYCOMMONSPLIT.OBJ
D:\01_WORK\2016Q34\02_西研所软件训练营\RELEASE_2\07.实战课程-西研\实战课程_C语言版\03_演练和实战工程\PROJECT\SUBWAYCHARGE_STUDENT\SUBWAYCHARGE\DEBUG\SUBWAYCREATECARDPROC.OBJ
D:\01_WORK\2016Q34\02_西研所软件训练营\RELEASE_2\07.实战课程-西研\实战课程_C语言版\03_演练和实战工程\PROJECT\SUBWAYCHARGE_STUDENT\SUBWAYCHARGE\DEBUG\SUBWAYDEDUCTPROC.OBJ
D:\01_WORK\2016Q34\02_西研所软件训练营\RELEASE_2\07.实战课程-西研\实战课程_C语言版\03_演练和实战工程\PROJECT\SUBWAYCHARGE_STUDENT\SUBWAYCHARGE\DEBUG\SUBWAYERROR.OBJ
D:\01_WORK\2016Q34\02_西研所软件训练营\RELEASE_2\07.实战课程-西研\实战课程_C语言版\03_演练和实战工程\PROJECT\SUBWAYCHARGE_STUDENT\SUBWAYCHARGE\DEBUG\SUBWAYFILLCHARGEPROC.OBJ
D:\01_WORK\2016Q34\02_西研所软件训练营\RELEASE_2\07.实战课程-西研\实战课程_C语言版\03_演练和实战工程\PROJECT\SUBWAYCHARGE_STUDENT\SUBWAYCHARGE\DEBUG\SUBWAYLINE.OBJ
D:\01_WORK\2016Q34\02_西研所软件训练营\RELEASE_2\07.实战课程-西研\实战课程_C语言版\03_演练和实战工程\PROJECT\SUBWAYCHARGE_STUDENT\SUBWAYCHARGE\DEBUG\SUBWAYLINE_TEST.OBJ
D:\01_WORK\2016Q34\02_西研所软件训练营\RELEASE_2\07.实战课程-西研\实战课程_C语言版\03_演练和实战工程\PROJECT\SUBWAYCHARGE_STUDENT\SUBWAYCHARGE\DEBUG\SUBWAYOUTPUT.OBJ
D:\01_WORK\2016Q34\02_西研所软件训练营\RELEASE_2\07.实战课程-西研\实战课程_C语言版\03_演练和实战工程\PROJECT\SUBWAYCHARGE_STUDENT\SUBWAYCHARGE\DEBUG\SUBWAYPRICE_TEST.OBJ
D:\01_WORK\2016Q34\02_西研所软件训练营\RELEASE_2\07.实战课程-西研\实战课程_C语言版\03_演练和实战工程\PROJECT\SUBWAYCHARGE_STUDENT\SUBWAYCHARGE\DEBUG\SUBWAYQUERYHISTORYPROC.OBJ
D:\01_WORK\2016Q34\02_西研所软件训练营\RELEASE_2\07.实战课程-西研\实战课程_C语言版\03_演练和实战工程\PROJECT\SUBWAYCHARGE_STUDENT\SUBWAYCHARGE\DEBUG\SUBWAYQUERYLINEPROC.OBJ
D:\01_WORK\2016Q34\02_西研所软件训练营\RELEASE_2\07.实战课程-西研\实战课程_C语言版\03_演练和实战工程\PROJECT\SUBWAYCHARGE_STUDENT\SUBWAYCHARGE\DEBUG\SUBWAYRESETPROC.OBJ
D:\01_WORK\2016Q34\02_西研所软件训练营\RELEASE_2\07.实战课程-西研\实战课程_C语言版\03_演练和实战工程\PROJECT\SUBWAYCHARGE_STUDENT\SUBWAYCHARGE\DEBUG\SUBWAYSINGLETICKETPROC.OBJ
D:\01_WORK\2016Q34\02_西研所软件训练营\RELEASE_2\07.实战课程-西研\实战课程_C语言版\03_演练和实战工程\PROJECT\SUBWAYCHARGE_STUDENT\SUBWAYCHARGE\DEBUG\SUBWAYSOCKET.OBJ
D:\01_work\2016Q34\02_西研所软件训练营\release_2\07.实战课程-西研\实战课程_C语言版\03_演练和实战工程\project\subwayCharge_student\subwayCharge\Debug\vc100.idb
D:\01_WORK\2016Q34\02_西研所软件训练营\RELEASE_2\07.实战课程-西研\实战课程_C语言版\03_演练和实战工程\PROJECT\SUBWAYCHARGE_STUDENT\SUBWAYCHARGE\DEBUG\VC100.PDB
